[2025-03-21 19:53:34,160: INFO :common : yaml file: config\config.yaml loaded successfully]
[2025-03-21 19:53:34,167: INFO :common : yaml file: schema.yaml loaded successfully]
[2025-03-21 19:53:34,168: INFO :common : created directory at: artifacts]
[2025-03-21 19:53:34,169: INFO :common : created directory at: artifacts/data_transformation]
[2025-03-21 19:55:54,721: INFO :common : yaml file: config\config.yaml loaded successfully]
[2025-03-21 19:55:54,727: INFO :common : yaml file: schema.yaml loaded successfully]
[2025-03-21 19:55:54,728: INFO :common : created directory at: artifacts]
[2025-03-21 19:55:54,729: INFO :common : created directory at: artifacts/data_transformation]
[2025-03-21 19:56:02,383: INFO :853202662 : Transforming the data]
[2025-03-21 19:56:45,337: INFO :common : yaml file: config\config.yaml loaded successfully]
[2025-03-21 19:56:45,342: INFO :common : yaml file: schema.yaml loaded successfully]
[2025-03-21 19:56:45,343: INFO :common : created directory at: artifacts]
[2025-03-21 19:56:45,344: INFO :common : created directory at: artifacts/data_transformation]
[2025-03-21 19:56:53,410: INFO :3914814864 : Transforming the data]
[2025-03-21 19:57:31,032: INFO :3914814864 : splitting the data into train and test set]
[2025-03-21 19:57:31,033: INFO :3914814864 : training set shape: (873747, 49)]
[2025-03-21 19:57:31,034: INFO :3914814864 : testing set shape: (291249, 49)]
[2025-03-22 18:24:41,995: INFO :common : yaml file: config\config.yaml loaded successfully]
[2025-03-22 18:24:42,002: INFO :common : yaml file: schema.yaml loaded successfully]
[2025-03-22 18:24:42,004: INFO :common : created directory at: artifacts]
[2025-03-22 18:24:42,005: INFO :common : created directory at: artifacts/data_transformation]
[2025-03-22 18:24:53,859: INFO :1907565740 : splitting the data into train and test set]
[2025-03-22 18:24:53,860: INFO :1907565740 : training set shape: (873747, 18)]
[2025-03-22 18:24:53,861: INFO :1907565740 : testing set shape: (291249, 18)]
[2025-03-23 14:45:26,891: INFO :common : yaml file: config\config.yaml loaded successfully]
[2025-03-23 14:45:26,902: INFO :common : yaml file: params.yaml loaded successfully]
[2025-03-23 17:34:44,227: INFO :common : yaml file: params.yaml loaded successfully]
[2025-03-23 17:34:54,060: INFO :common : yaml file: params.yaml loaded successfully]
[2025-03-23 17:35:03,973: INFO :common : yaml file: params.yaml loaded successfully]
[2025-03-23 17:35:16,941: INFO :common : yaml file: params.yaml loaded successfully]
[2025-03-23 17:35:20,510: INFO :common : yaml file: params.yaml loaded successfully]
[2025-03-23 17:35:22,453: INFO :common : yaml file: params.yaml loaded successfully]
[2025-03-23 17:38:23,007: INFO :common : yaml file: config\config.yaml loaded successfully]
[2025-03-23 17:38:23,011: INFO :common : yaml file: params.yaml loaded successfully]
[2025-03-23 17:38:39,285: INFO :common : yaml file: config\config.yaml loaded successfully]
[2025-03-23 17:38:39,293: INFO :common : yaml file: params.yaml loaded successfully]
[2025-03-23 18:15:34,520: INFO :common : yaml file: config\config.yaml loaded successfully]
[2025-03-23 18:15:34,524: INFO :common : yaml file: params.yaml loaded successfully]
[2025-03-23 18:15:34,567: INFO :common : yaml file: config\config.yaml loaded successfully]
[2025-03-23 18:15:34,572: INFO :common : yaml file: params.yaml loaded successfully]
[2025-03-23 18:15:34,585: INFO :common : yaml file: schema.yaml loaded successfully]
[2025-03-23 18:15:35,418: INFO :common : yaml file: params.yaml loaded successfully]
[2025-03-23 18:15:55,727: INFO :common : yaml file: config\config.yaml loaded successfully]
[2025-03-23 18:15:55,733: INFO :common : yaml file: params.yaml loaded successfully]
[2025-03-23 18:15:55,737: INFO :common : yaml file: schema.yaml loaded successfully]
[2025-03-23 18:16:02,622: INFO :common : yaml file: config\config.yaml loaded successfully]
[2025-03-23 18:16:02,628: INFO :common : yaml file: params.yaml loaded successfully]
[2025-03-23 18:16:02,634: INFO :common : yaml file: schema.yaml loaded successfully]
[2025-03-23 18:16:20,137: INFO :common : yaml file: config\config.yaml loaded successfully]
[2025-03-23 18:16:20,141: INFO :common : yaml file: params.yaml loaded successfully]
[2025-03-23 18:16:20,146: INFO :common : yaml file: schema.yaml loaded successfully]
[2025-03-23 18:16:34,695: INFO :common : yaml file: config\config.yaml loaded successfully]
[2025-03-23 18:16:34,703: INFO :common : yaml file: params.yaml loaded successfully]
[2025-03-23 18:16:34,709: INFO :common : yaml file: schema.yaml loaded successfully]
[2025-03-23 18:52:00,717: INFO :common : yaml file: config\config.yaml loaded successfully]
[2025-03-23 18:52:00,730: INFO :common : yaml file: params.yaml loaded successfully]
[2025-03-23 18:52:00,735: INFO :common : yaml file: schema.yaml loaded successfully]
[2025-03-23 18:53:00,807: INFO :common : yaml file: config\config.yaml loaded successfully]
[2025-03-23 18:53:00,822: INFO :common : yaml file: params.yaml loaded successfully]
[2025-03-23 18:53:00,827: INFO :common : yaml file: schema.yaml loaded successfully]
[2025-03-23 18:53:03,554: INFO :_client : HTTP Request: GET https://dagshub.com/api/v1/user "HTTP/1.1 200 OK"]
[2025-03-23 18:53:03,563: INFO :helpers : Accessing as Immortal-Pi]
[2025-03-23 18:53:03,761: INFO :_client : HTTP Request: GET https://dagshub.com/api/v1/repos/Immortal-Pi/SurgeSense "HTTP/1.1 200 OK"]
[2025-03-23 18:53:03,935: INFO :_client : HTTP Request: GET https://dagshub.com/api/v1/user "HTTP/1.1 200 OK"]
[2025-03-23 18:53:03,942: INFO :helpers : Initialized MLflow to track repo "Immortal-Pi/SurgeSense"]
[2025-03-23 18:53:03,945: INFO :helpers : Repository Immortal-Pi/SurgeSense initialized!]
[2025-03-23 18:54:58,212: INFO :common : yaml file: config\config.yaml loaded successfully]
[2025-03-23 18:54:58,217: INFO :common : yaml file: params.yaml loaded successfully]
[2025-03-23 18:54:58,222: INFO :common : yaml file: schema.yaml loaded successfully]
[2025-03-23 18:55:01,057: INFO :_client : HTTP Request: GET https://dagshub.com/api/v1/repos/Immortal-Pi/SurgeSense "HTTP/1.1 200 OK"]
[2025-03-23 18:55:01,063: INFO :helpers : Initialized MLflow to track repo "Immortal-Pi/SurgeSense"]
[2025-03-23 18:55:01,066: INFO :helpers : Repository Immortal-Pi/SurgeSense initialized!]
[2025-03-23 18:55:51,671: INFO :common : yaml file: config\config.yaml loaded successfully]
[2025-03-23 18:55:51,675: INFO :common : yaml file: params.yaml loaded successfully]
[2025-03-23 18:55:51,680: INFO :common : yaml file: schema.yaml loaded successfully]
[2025-03-23 18:55:54,349: INFO :_client : HTTP Request: GET https://dagshub.com/api/v1/repos/Immortal-Pi/SurgeSense "HTTP/1.1 200 OK"]
[2025-03-23 18:55:54,356: INFO :helpers : Initialized MLflow to track repo "Immortal-Pi/SurgeSense"]
[2025-03-23 18:55:54,360: INFO :helpers : Repository Immortal-Pi/SurgeSense initialized!]
[2025-03-23 18:55:54,621: INFO :tpe : build_posterior_wrapper took 0.001005 seconds]
[2025-03-23 18:55:54,623: INFO :tpe : TPE using 0 trials]
[2025-03-23 18:55:55,437: ERROR :fmin : job exception: 'Pipeline' object is not callable]
[2025-03-23 18:58:38,339: INFO :common : yaml file: config\config.yaml loaded successfully]
[2025-03-23 18:58:38,344: INFO :common : yaml file: params.yaml loaded successfully]
[2025-03-23 18:58:38,349: INFO :common : yaml file: schema.yaml loaded successfully]
[2025-03-23 18:58:41,223: INFO :_client : HTTP Request: GET https://dagshub.com/api/v1/repos/Immortal-Pi/SurgeSense "HTTP/1.1 200 OK"]
[2025-03-23 18:58:41,228: INFO :helpers : Initialized MLflow to track repo "Immortal-Pi/SurgeSense"]
[2025-03-23 18:58:41,230: INFO :helpers : Repository Immortal-Pi/SurgeSense initialized!]
[2025-03-23 18:58:41,489: INFO :tpe : build_posterior_wrapper took 0.000000 seconds]
[2025-03-23 18:58:41,489: INFO :tpe : TPE using 0 trials]
[2025-03-23 18:58:42,082: ERROR :fmin : job exception: Invalid parameter 'learning_rate' for estimator Pipeline(steps=[('preprocessor',
                 ColumnTransformer(transformers=[('categorical_columns',
                                                  Pipeline(steps=[('imputation_constant',
                                                                   SimpleImputer(strategy='most_frequent')),
                                                                  ('encode',
                                                                   OneHotEncoder(handle_unknown='ignore'))]),
                                                  ['cab_type', 'destination',
                                                   'source', 'name']),
                                                 ('numerical_columns',
                                                  Pipeline(steps=[('imputation_menu',
                                                                   SimpleImputer(strategy='median'...
                              feature_types=None, feature_weights=None,
                              gamma=None, grow_policy=None,
                              importance_type=None,
                              interaction_constraints=None, learning_rate=None,
                              max_bin=None, max_cat_threshold=None,
                              max_cat_to_onehot=None, max_delta_step=None,
                              max_depth=None, max_leaves=None,
                              min_child_weight=None, missing=nan,
                              monotone_constraints=None, multi_strategy=None,
                              n_estimators=None, n_jobs=None,
                              num_parallel_tree=None, ...))]). Valid parameters are: ['memory', 'steps', 'transform_input', 'verbose'].]
[2025-03-23 19:01:17,418: INFO :common : yaml file: config\config.yaml loaded successfully]
[2025-03-23 19:01:17,422: INFO :common : yaml file: params.yaml loaded successfully]
[2025-03-23 19:01:17,428: INFO :common : yaml file: schema.yaml loaded successfully]
[2025-03-23 19:01:20,017: INFO :_client : HTTP Request: GET https://dagshub.com/api/v1/repos/Immortal-Pi/SurgeSense "HTTP/1.1 200 OK"]
[2025-03-23 19:01:20,024: INFO :helpers : Initialized MLflow to track repo "Immortal-Pi/SurgeSense"]
[2025-03-23 19:01:20,026: INFO :helpers : Repository Immortal-Pi/SurgeSense initialized!]
[2025-03-23 19:01:20,326: INFO :tpe : build_posterior_wrapper took 0.001005 seconds]
[2025-03-23 19:01:20,327: INFO :tpe : TPE using 0 trials]
[2025-03-23 19:01:20,900: ERROR :fmin : job exception: Invalid parameter 'learning_rate' for estimator Pipeline(steps=[('preprocessor',
                 ColumnTransformer(transformers=[('categorical_columns',
                                                  Pipeline(steps=[('imputation_constant',
                                                                   SimpleImputer(strategy='most_frequent')),
                                                                  ('encode',
                                                                   OneHotEncoder(handle_unknown='ignore'))]),
                                                  ['cab_type', 'destination',
                                                   'source', 'name']),
                                                 ('numerical_columns',
                                                  Pipeline(steps=[('imputation_menu',
                                                                   SimpleImputer(strategy='median'...
                              feature_types=None, feature_weights=None,
                              gamma=None, grow_policy=None,
                              importance_type=None,
                              interaction_constraints=None, learning_rate=None,
                              max_bin=None, max_cat_threshold=None,
                              max_cat_to_onehot=None, max_delta_step=None,
                              max_depth=None, max_leaves=None,
                              min_child_weight=None, missing=nan,
                              monotone_constraints=None, multi_strategy=None,
                              n_estimators=None, n_jobs=None,
                              num_parallel_tree=None, ...))]). Valid parameters are: ['memory', 'steps', 'transform_input', 'verbose'].]
[2025-03-23 19:02:14,336: INFO :common : yaml file: config\config.yaml loaded successfully]
[2025-03-23 19:02:14,341: INFO :common : yaml file: params.yaml loaded successfully]
[2025-03-23 19:02:14,345: INFO :common : yaml file: schema.yaml loaded successfully]
[2025-03-23 19:02:17,434: INFO :_client : HTTP Request: GET https://dagshub.com/api/v1/repos/Immortal-Pi/SurgeSense "HTTP/1.1 200 OK"]
[2025-03-23 19:02:17,441: INFO :helpers : Initialized MLflow to track repo "Immortal-Pi/SurgeSense"]
[2025-03-23 19:02:17,445: INFO :helpers : Repository Immortal-Pi/SurgeSense initialized!]
[2025-03-23 19:02:18,241: INFO :tpe : build_posterior_wrapper took 0.000988 seconds]
[2025-03-23 19:02:18,244: INFO :tpe : TPE using 0 trials]
[2025-03-23 19:02:22,266: ERROR :fmin : job exception: 'float' object cannot be interpreted as an integer]
[2025-03-23 19:03:12,657: INFO :common : yaml file: config\config.yaml loaded successfully]
[2025-03-23 19:03:12,667: INFO :common : yaml file: params.yaml loaded successfully]
[2025-03-23 19:03:12,672: INFO :common : yaml file: schema.yaml loaded successfully]
[2025-03-23 19:03:15,632: INFO :_client : HTTP Request: GET https://dagshub.com/api/v1/repos/Immortal-Pi/SurgeSense "HTTP/1.1 200 OK"]
[2025-03-23 19:03:15,637: INFO :helpers : Initialized MLflow to track repo "Immortal-Pi/SurgeSense"]
[2025-03-23 19:03:15,641: INFO :helpers : Repository Immortal-Pi/SurgeSense initialized!]
[2025-03-23 19:03:16,085: INFO :tpe : build_posterior_wrapper took 0.001002 seconds]
[2025-03-23 19:03:16,087: INFO :tpe : TPE using 0 trials]
[2025-03-23 19:03:19,814: ERROR :fmin : job exception: 'float' object cannot be interpreted as an integer]
[2025-03-23 19:03:51,921: INFO :common : yaml file: config\config.yaml loaded successfully]
[2025-03-23 19:03:51,926: INFO :common : yaml file: params.yaml loaded successfully]
[2025-03-23 19:03:51,930: INFO :common : yaml file: schema.yaml loaded successfully]
[2025-03-23 19:03:54,645: INFO :_client : HTTP Request: GET https://dagshub.com/api/v1/repos/Immortal-Pi/SurgeSense "HTTP/1.1 200 OK"]
[2025-03-23 19:03:54,651: INFO :helpers : Initialized MLflow to track repo "Immortal-Pi/SurgeSense"]
[2025-03-23 19:03:54,653: INFO :helpers : Repository Immortal-Pi/SurgeSense initialized!]
[2025-03-23 19:04:26,900: INFO :common : yaml file: config\config.yaml loaded successfully]
[2025-03-23 19:04:26,905: INFO :common : yaml file: params.yaml loaded successfully]
[2025-03-23 19:04:26,910: INFO :common : yaml file: schema.yaml loaded successfully]
[2025-03-23 19:04:29,660: INFO :_client : HTTP Request: GET https://dagshub.com/api/v1/repos/Immortal-Pi/SurgeSense "HTTP/1.1 200 OK"]
[2025-03-23 19:04:29,666: INFO :helpers : Initialized MLflow to track repo "Immortal-Pi/SurgeSense"]
[2025-03-23 19:04:29,669: INFO :helpers : Repository Immortal-Pi/SurgeSense initialized!]
[2025-03-23 19:04:29,923: INFO :tpe : build_posterior_wrapper took 0.001001 seconds]
[2025-03-23 19:04:29,924: INFO :tpe : TPE using 0 trials]
[2025-03-23 19:04:33,688: ERROR :fmin : job exception: 'float' object cannot be interpreted as an integer]
[2025-03-23 19:08:15,056: INFO :common : yaml file: config\config.yaml loaded successfully]
[2025-03-23 19:08:15,061: INFO :common : yaml file: params.yaml loaded successfully]
[2025-03-23 19:08:15,064: INFO :common : yaml file: schema.yaml loaded successfully]
[2025-03-23 19:08:54,469: INFO :common : yaml file: config\config.yaml loaded successfully]
[2025-03-23 19:08:54,475: INFO :common : yaml file: params.yaml loaded successfully]
[2025-03-23 19:08:54,479: INFO :common : yaml file: schema.yaml loaded successfully]
[2025-03-23 19:08:57,444: INFO :_client : HTTP Request: GET https://dagshub.com/api/v1/repos/Immortal-Pi/SurgeSense "HTTP/1.1 200 OK"]
[2025-03-23 19:08:57,453: INFO :helpers : Initialized MLflow to track repo "Immortal-Pi/SurgeSense"]
[2025-03-23 19:08:57,455: INFO :helpers : Repository Immortal-Pi/SurgeSense initialized!]
[2025-03-23 19:09:17,196: INFO :common : yaml file: config\config.yaml loaded successfully]
[2025-03-23 19:09:17,200: INFO :common : yaml file: params.yaml loaded successfully]
[2025-03-23 19:09:17,204: INFO :common : yaml file: schema.yaml loaded successfully]
[2025-03-23 19:09:20,362: INFO :_client : HTTP Request: GET https://dagshub.com/api/v1/repos/Immortal-Pi/SurgeSense "HTTP/1.1 200 OK"]
[2025-03-23 19:09:20,367: INFO :helpers : Initialized MLflow to track repo "Immortal-Pi/SurgeSense"]
[2025-03-23 19:09:20,371: INFO :helpers : Repository Immortal-Pi/SurgeSense initialized!]
[2025-03-23 19:09:20,674: INFO :tpe : build_posterior_wrapper took 0.000918 seconds]
[2025-03-23 19:09:20,675: INFO :tpe : TPE using 0 trials]
[2025-03-23 19:09:45,163: INFO :tpe : build_posterior_wrapper took 0.001051 seconds]
[2025-03-23 19:09:45,164: INFO :tpe : TPE using 1/1 trials with best loss 1.517957]
[2025-03-23 19:10:09,462: INFO :tpe : build_posterior_wrapper took 0.001004 seconds]
[2025-03-23 19:10:09,463: INFO :tpe : TPE using 2/2 trials with best loss 1.517957]
[2025-03-23 19:10:26,842: INFO :tpe : build_posterior_wrapper took 0.002122 seconds]
[2025-03-23 19:10:26,843: INFO :tpe : TPE using 3/3 trials with best loss 1.517957]
[2025-03-23 19:10:45,615: INFO :tpe : build_posterior_wrapper took 0.001005 seconds]
[2025-03-23 19:10:45,616: INFO :tpe : TPE using 4/4 trials with best loss 1.517957]
[2025-03-23 19:10:57,457: INFO :tpe : build_posterior_wrapper took 0.002101 seconds]
[2025-03-23 19:10:57,458: INFO :tpe : TPE using 5/5 trials with best loss 1.517957]
[2025-03-23 19:11:12,798: INFO :tpe : build_posterior_wrapper took 0.002012 seconds]
[2025-03-23 19:11:12,799: INFO :tpe : TPE using 6/6 trials with best loss 1.517957]
[2025-03-23 19:11:53,329: INFO :tpe : build_posterior_wrapper took 0.001083 seconds]
[2025-03-23 19:11:53,331: INFO :tpe : TPE using 7/7 trials with best loss 1.517957]
[2025-03-23 19:12:09,643: INFO :tpe : build_posterior_wrapper took 0.001994 seconds]
[2025-03-23 19:12:09,645: INFO :tpe : TPE using 8/8 trials with best loss 1.517957]
[2025-03-23 19:12:28,766: INFO :tpe : build_posterior_wrapper took 0.001003 seconds]
[2025-03-23 19:12:28,768: INFO :tpe : TPE using 9/9 trials with best loss 1.511804]
[2025-03-23 19:52:00,109: INFO :common : yaml file: config\config.yaml loaded successfully]
[2025-03-23 19:52:00,113: INFO :common : yaml file: params.yaml loaded successfully]
[2025-03-23 19:52:00,118: INFO :common : yaml file: schema.yaml loaded successfully]
[2025-03-23 19:52:03,087: INFO :_client : HTTP Request: GET https://dagshub.com/api/v1/repos/Immortal-Pi/SurgeSense "HTTP/1.1 200 OK"]
[2025-03-23 19:52:03,096: INFO :helpers : Initialized MLflow to track repo "Immortal-Pi/SurgeSense"]
[2025-03-23 19:52:03,099: INFO :helpers : Repository Immortal-Pi/SurgeSense initialized!]
[2025-03-23 19:52:03,503: INFO :tpe : build_posterior_wrapper took 0.000992 seconds]
[2025-03-23 19:52:03,504: INFO :tpe : TPE using 0 trials]
[2025-03-23 19:54:08,149: INFO :common : yaml file: config\config.yaml loaded successfully]
[2025-03-23 19:54:08,153: INFO :common : yaml file: params.yaml loaded successfully]
[2025-03-23 19:54:08,158: INFO :common : yaml file: schema.yaml loaded successfully]
[2025-03-23 19:54:11,080: INFO :_client : HTTP Request: GET https://dagshub.com/api/v1/repos/Immortal-Pi/SurgeSense "HTTP/1.1 200 OK"]
[2025-03-23 19:54:11,087: INFO :helpers : Initialized MLflow to track repo "Immortal-Pi/SurgeSense"]
[2025-03-23 19:54:11,091: INFO :helpers : Repository Immortal-Pi/SurgeSense initialized!]
[2025-03-23 19:54:41,083: INFO :common : yaml file: config\config.yaml loaded successfully]
[2025-03-23 19:54:41,088: INFO :common : yaml file: params.yaml loaded successfully]
[2025-03-23 19:54:41,093: INFO :common : yaml file: schema.yaml loaded successfully]
[2025-03-23 19:54:43,720: INFO :_client : HTTP Request: GET https://dagshub.com/api/v1/repos/Immortal-Pi/SurgeSense "HTTP/1.1 200 OK"]
[2025-03-23 19:54:43,725: INFO :helpers : Initialized MLflow to track repo "Immortal-Pi/SurgeSense"]
[2025-03-23 19:54:43,728: INFO :helpers : Repository Immortal-Pi/SurgeSense initialized!]
[2025-03-23 19:54:44,335: INFO :tpe : build_posterior_wrapper took 0.001002 seconds]
[2025-03-23 19:54:44,336: INFO :tpe : TPE using 0 trials]
[2025-03-23 19:55:35,886: INFO :tpe : build_posterior_wrapper took 0.001994 seconds]
[2025-03-23 19:55:35,887: INFO :tpe : TPE using 1/1 trials with best loss 1.658748]
[2025-03-23 19:55:41,438: INFO :tpe : build_posterior_wrapper took 0.001011 seconds]
[2025-03-23 19:55:41,440: INFO :tpe : TPE using 2/2 trials with best loss 1.592616]
[2025-03-23 19:57:21,939: INFO :tpe : build_posterior_wrapper took 0.001007 seconds]
[2025-03-23 19:57:21,941: INFO :tpe : TPE using 3/3 trials with best loss 1.592616]
[2025-03-23 19:57:32,670: INFO :tpe : build_posterior_wrapper took 0.001000 seconds]
[2025-03-23 19:57:32,671: INFO :tpe : TPE using 4/4 trials with best loss 1.592616]
[2025-03-23 19:58:17,005: INFO :tpe : build_posterior_wrapper took 0.001827 seconds]
[2025-03-23 19:58:17,007: INFO :tpe : TPE using 5/5 trials with best loss 1.531281]
[2025-03-23 19:58:24,116: INFO :tpe : build_posterior_wrapper took 0.000991 seconds]
[2025-03-23 19:58:24,119: INFO :tpe : TPE using 6/6 trials with best loss 1.531281]
[2025-03-23 19:58:39,003: INFO :tpe : build_posterior_wrapper took 0.001000 seconds]
[2025-03-23 19:58:39,004: INFO :tpe : TPE using 7/7 trials with best loss 1.531281]
[2025-03-23 19:58:46,229: INFO :tpe : build_posterior_wrapper took 0.002005 seconds]
[2025-03-23 19:58:46,230: INFO :tpe : TPE using 8/8 trials with best loss 1.531281]
[2025-03-23 19:59:38,784: INFO :tpe : build_posterior_wrapper took 0.000999 seconds]
[2025-03-23 19:59:38,785: INFO :tpe : TPE using 9/9 trials with best loss 1.531281]
[2025-03-23 20:27:15,379: INFO :common : yaml file: config\config.yaml loaded successfully]
[2025-03-23 20:27:15,389: INFO :common : yaml file: params.yaml loaded successfully]
[2025-03-23 20:27:15,394: INFO :common : yaml file: schema.yaml loaded successfully]
[2025-03-23 20:27:18,307: INFO :_client : HTTP Request: GET https://dagshub.com/api/v1/repos/Immortal-Pi/SurgeSense "HTTP/1.1 200 OK"]
[2025-03-23 20:27:18,316: INFO :helpers : Initialized MLflow to track repo "Immortal-Pi/SurgeSense"]
[2025-03-23 20:27:18,319: INFO :helpers : Repository Immortal-Pi/SurgeSense initialized!]
[2025-03-23 20:27:19,742: INFO :tpe : build_posterior_wrapper took 0.001066 seconds]
[2025-03-23 20:27:19,742: INFO :tpe : TPE using 0 trials]
[2025-03-23 20:31:11,934: INFO :tpe : build_posterior_wrapper took 0.001001 seconds]
[2025-03-23 20:31:11,935: INFO :tpe : TPE using 1/1 trials with best loss 1.729081]
[2025-03-23 20:35:12,656: INFO :tpe : build_posterior_wrapper took 0.001011 seconds]
[2025-03-23 20:35:12,657: INFO :tpe : TPE using 2/2 trials with best loss 1.729081]
[2025-03-23 20:35:31,509: INFO :tpe : build_posterior_wrapper took 0.001067 seconds]
[2025-03-23 20:35:31,511: INFO :tpe : TPE using 3/3 trials with best loss 1.523031]
[2025-03-23 20:36:29,259: INFO :tpe : build_posterior_wrapper took 0.000992 seconds]
[2025-03-23 20:36:29,262: INFO :tpe : TPE using 4/4 trials with best loss 1.523031]
[2025-03-23 20:36:40,377: INFO :tpe : build_posterior_wrapper took 0.001001 seconds]
[2025-03-23 20:36:40,378: INFO :tpe : TPE using 5/5 trials with best loss 1.523031]
[2025-03-23 20:37:12,359: INFO :tpe : build_posterior_wrapper took 0.001109 seconds]
[2025-03-23 20:37:12,360: INFO :tpe : TPE using 6/6 trials with best loss 1.523031]
[2025-03-23 20:39:15,572: INFO :tpe : build_posterior_wrapper took 0.002072 seconds]
[2025-03-23 20:39:15,573: INFO :tpe : TPE using 7/7 trials with best loss 1.523031]
[2025-03-23 20:40:09,733: INFO :tpe : build_posterior_wrapper took 0.001001 seconds]
[2025-03-23 20:40:09,734: INFO :tpe : TPE using 8/8 trials with best loss 1.523031]
[2025-03-23 20:45:38,796: INFO :tpe : build_posterior_wrapper took 0.000896 seconds]
[2025-03-23 20:45:38,797: INFO :tpe : TPE using 9/9 trials with best loss 1.523031]
[2025-03-23 21:06:10,725: INFO :common : yaml file: config\config.yaml loaded successfully]
[2025-03-23 21:06:10,737: INFO :common : yaml file: params.yaml loaded successfully]
[2025-03-23 21:06:10,741: INFO :common : yaml file: schema.yaml loaded successfully]
[2025-03-23 21:06:13,452: INFO :_client : HTTP Request: GET https://dagshub.com/api/v1/repos/Immortal-Pi/SurgeSense "HTTP/1.1 200 OK"]
[2025-03-23 21:06:13,459: INFO :helpers : Initialized MLflow to track repo "Immortal-Pi/SurgeSense"]
[2025-03-23 21:06:13,461: INFO :helpers : Repository Immortal-Pi/SurgeSense initialized!]
[2025-03-23 21:06:13,929: INFO :tpe : build_posterior_wrapper took 0.001972 seconds]
[2025-03-23 21:06:13,930: INFO :tpe : TPE using 0 trials]
[2025-03-23 21:12:05,678: INFO :common : yaml file: config\config.yaml loaded successfully]
[2025-03-23 21:12:05,692: INFO :common : yaml file: params.yaml loaded successfully]
[2025-03-23 21:12:06,960: INFO :common : yaml file: config\config.yaml loaded successfully]
[2025-03-23 21:12:06,966: INFO :common : yaml file: params.yaml loaded successfully]
[2025-03-23 21:12:06,971: INFO :common : yaml file: schema.yaml loaded successfully]
[2025-03-23 21:12:09,502: INFO :_client : HTTP Request: GET https://dagshub.com/api/v1/user "HTTP/1.1 200 OK"]
[2025-03-23 21:12:09,508: INFO :helpers : Accessing as Immortal-Pi]
[2025-03-23 21:12:09,718: INFO :_client : HTTP Request: GET https://dagshub.com/api/v1/repos/Immortal-Pi/SurgeSense "HTTP/1.1 200 OK"]
[2025-03-23 21:12:09,875: INFO :_client : HTTP Request: GET https://dagshub.com/api/v1/user "HTTP/1.1 200 OK"]
[2025-03-23 21:12:09,878: INFO :helpers : Initialized MLflow to track repo "Immortal-Pi/SurgeSense"]
[2025-03-23 21:12:09,882: INFO :helpers : Repository Immortal-Pi/SurgeSense initialized!]
[2025-03-23 21:12:10,253: INFO :tpe : build_posterior_wrapper took 0.001000 seconds]
[2025-03-23 21:12:10,254: INFO :tpe : TPE using 0 trials]
[2025-03-23 21:12:16,730: INFO :tpe : build_posterior_wrapper took 0.002907 seconds]
[2025-03-23 21:12:16,732: INFO :tpe : TPE using 1/1 trials with best loss 1.626562]
[2025-03-23 21:12:22,823: INFO :tpe : build_posterior_wrapper took 0.003014 seconds]
[2025-03-23 21:12:22,825: INFO :tpe : TPE using 2/2 trials with best loss 1.593863]
[2025-03-23 21:12:39,702: INFO :tpe : build_posterior_wrapper took 0.000940 seconds]
[2025-03-23 21:12:39,703: INFO :tpe : TPE using 3/3 trials with best loss 1.593863]
[2025-03-23 21:19:28,564: INFO :tpe : build_posterior_wrapper took 0.001007 seconds]
[2025-03-23 21:19:28,565: INFO :tpe : TPE using 4/4 trials with best loss 1.593863]
[2025-03-23 21:19:59,793: INFO :tpe : build_posterior_wrapper took 0.001999 seconds]
[2025-03-23 21:19:59,795: INFO :tpe : TPE using 5/5 trials with best loss 1.593863]
[2025-03-23 21:23:34,125: INFO :tpe : build_posterior_wrapper took 0.001078 seconds]
[2025-03-23 21:23:34,127: INFO :tpe : TPE using 6/6 trials with best loss 1.593863]
[2025-03-23 21:25:12,006: INFO :tpe : build_posterior_wrapper took 0.000000 seconds]
[2025-03-23 21:25:12,008: INFO :tpe : TPE using 7/7 trials with best loss 1.593863]
[2025-03-23 21:27:21,019: INFO :tpe : build_posterior_wrapper took 0.000957 seconds]
[2025-03-23 21:27:21,019: INFO :tpe : TPE using 8/8 trials with best loss 1.593863]
[2025-03-23 21:28:00,484: INFO :tpe : build_posterior_wrapper took 0.001075 seconds]
[2025-03-23 21:28:00,484: INFO :tpe : TPE using 9/9 trials with best loss 1.593863]
[2025-03-23 21:38:50,705: INFO :common : yaml file: config\config.yaml loaded successfully]
[2025-03-23 21:38:50,710: INFO :common : yaml file: params.yaml loaded successfully]
[2025-03-23 21:38:50,715: INFO :common : yaml file: schema.yaml loaded successfully]
[2025-03-23 21:51:30,273: INFO :common : yaml file: config\config.yaml loaded successfully]
[2025-03-23 21:51:30,278: INFO :common : yaml file: params.yaml loaded successfully]
[2025-03-23 21:51:31,215: INFO :common : yaml file: config\config.yaml loaded successfully]
[2025-03-23 21:51:31,222: INFO :common : yaml file: params.yaml loaded successfully]
[2025-03-23 21:51:31,227: INFO :common : yaml file: schema.yaml loaded successfully]
[2025-03-23 21:51:34,130: INFO :_client : HTTP Request: GET https://dagshub.com/api/v1/user "HTTP/1.1 200 OK"]
[2025-03-23 21:51:34,136: INFO :helpers : Accessing as Immortal-Pi]
[2025-03-23 21:51:34,330: INFO :_client : HTTP Request: GET https://dagshub.com/api/v1/repos/Immortal-Pi/SurgeSense "HTTP/1.1 200 OK"]
[2025-03-23 21:51:34,475: INFO :_client : HTTP Request: GET https://dagshub.com/api/v1/user "HTTP/1.1 200 OK"]
[2025-03-23 21:51:34,479: INFO :helpers : Initialized MLflow to track repo "Immortal-Pi/SurgeSense"]
[2025-03-23 21:51:34,483: INFO :helpers : Repository Immortal-Pi/SurgeSense initialized!]
[2025-03-23 21:51:35,157: INFO :tpe : build_posterior_wrapper took 0.000997 seconds]
[2025-03-23 21:51:35,158: INFO :tpe : TPE using 0 trials]
[2025-03-23 22:08:26,727: INFO :common : yaml file: config\config.yaml loaded successfully]
[2025-03-23 22:08:26,737: INFO :common : yaml file: params.yaml loaded successfully]
[2025-03-23 22:08:26,741: INFO :common : yaml file: schema.yaml loaded successfully]
[2025-03-23 22:08:29,696: INFO :_client : HTTP Request: GET https://dagshub.com/api/v1/repos/Immortal-Pi/SurgeSense "HTTP/1.1 200 OK"]
[2025-03-23 22:08:29,708: INFO :helpers : Initialized MLflow to track repo "Immortal-Pi/SurgeSense"]
[2025-03-23 22:08:29,715: INFO :helpers : Repository Immortal-Pi/SurgeSense initialized!]
[2025-03-23 22:08:30,055: INFO :tpe : build_posterior_wrapper took 0.002979 seconds]
[2025-03-23 22:08:30,056: INFO :tpe : TPE using 0 trials]
[2025-03-23 22:08:30,638: ERROR :fmin : job exception: name 'GradientBoostingRegressorRANDO' is not defined]
[2025-03-23 22:09:06,411: INFO :common : yaml file: config\config.yaml loaded successfully]
[2025-03-23 22:09:06,416: INFO :common : yaml file: params.yaml loaded successfully]
[2025-03-23 22:09:06,420: INFO :common : yaml file: schema.yaml loaded successfully]
[2025-03-23 22:09:09,297: INFO :_client : HTTP Request: GET https://dagshub.com/api/v1/repos/Immortal-Pi/SurgeSense "HTTP/1.1 200 OK"]
[2025-03-23 22:09:09,301: INFO :helpers : Initialized MLflow to track repo "Immortal-Pi/SurgeSense"]
[2025-03-23 22:09:09,305: INFO :helpers : Repository Immortal-Pi/SurgeSense initialized!]
[2025-03-23 22:09:09,883: INFO :tpe : build_posterior_wrapper took 0.002952 seconds]
[2025-03-23 22:09:09,884: INFO :tpe : TPE using 0 trials]
[2025-03-23 22:09:16,023: INFO :tpe : build_posterior_wrapper took 0.002006 seconds]
[2025-03-23 22:09:16,025: INFO :tpe : TPE using 1/1 trials with best loss 2.065996]
[2025-03-23 22:09:21,882: INFO :tpe : build_posterior_wrapper took 0.000000 seconds]
[2025-03-23 22:09:21,883: INFO :tpe : TPE using 2/2 trials with best loss 2.065996]
[2025-03-23 22:09:38,035: INFO :tpe : build_posterior_wrapper took 0.001283 seconds]
[2025-03-23 22:09:38,036: INFO :tpe : TPE using 3/3 trials with best loss 2.065996]
[2025-03-23 22:09:53,755: INFO :tpe : build_posterior_wrapper took 0.000998 seconds]
[2025-03-23 22:09:53,756: INFO :tpe : TPE using 4/4 trials with best loss 2.065996]
[2025-03-23 22:10:16,894: INFO :tpe : build_posterior_wrapper took 0.003995 seconds]
[2025-03-23 22:10:16,895: INFO :tpe : TPE using 5/5 trials with best loss 2.065996]
[2025-03-23 22:10:23,248: INFO :tpe : build_posterior_wrapper took 0.000993 seconds]
[2025-03-23 22:10:23,250: INFO :tpe : TPE using 6/6 trials with best loss 2.065996]
[2025-03-23 22:10:26,977: INFO :tpe : build_posterior_wrapper took 0.000930 seconds]
[2025-03-23 22:10:26,979: INFO :tpe : TPE using 7/7 trials with best loss 2.065996]
[2025-03-23 22:10:36,472: INFO :tpe : build_posterior_wrapper took 0.001014 seconds]
[2025-03-23 22:10:36,473: INFO :tpe : TPE using 8/8 trials with best loss 2.065996]
[2025-03-23 22:10:46,155: INFO :tpe : build_posterior_wrapper took 0.001996 seconds]
[2025-03-23 22:10:46,159: INFO :tpe : TPE using 9/9 trials with best loss 2.065996]
[2025-03-23 22:13:35,001: INFO :common : yaml file: config\config.yaml loaded successfully]
[2025-03-23 22:13:35,006: INFO :common : yaml file: params.yaml loaded successfully]
[2025-03-23 22:13:35,919: INFO :common : yaml file: config\config.yaml loaded successfully]
[2025-03-23 22:13:35,925: INFO :common : yaml file: params.yaml loaded successfully]
[2025-03-23 22:13:35,929: INFO :common : yaml file: schema.yaml loaded successfully]
[2025-03-23 22:15:48,105: INFO :common : yaml file: config\config.yaml loaded successfully]
[2025-03-23 22:15:48,114: INFO :common : yaml file: params.yaml loaded successfully]
[2025-03-23 22:15:49,082: INFO :common : yaml file: config\config.yaml loaded successfully]
[2025-03-23 22:15:49,088: INFO :common : yaml file: params.yaml loaded successfully]
[2025-03-23 22:15:49,095: INFO :common : yaml file: schema.yaml loaded successfully]
[2025-03-23 22:17:02,028: INFO :common : yaml file: config\config.yaml loaded successfully]
[2025-03-23 22:17:02,040: INFO :common : yaml file: params.yaml loaded successfully]
[2025-03-23 22:17:02,937: INFO :common : yaml file: config\config.yaml loaded successfully]
[2025-03-23 22:17:02,943: INFO :common : yaml file: params.yaml loaded successfully]
[2025-03-23 22:17:02,949: INFO :common : yaml file: schema.yaml loaded successfully]
[2025-03-23 22:17:27,118: INFO :common : yaml file: config\config.yaml loaded successfully]
[2025-03-23 22:17:27,123: INFO :common : yaml file: params.yaml loaded successfully]
[2025-03-23 22:17:27,127: INFO :common : yaml file: schema.yaml loaded successfully]
[2025-03-23 22:17:29,814: INFO :_client : HTTP Request: GET https://dagshub.com/api/v1/user "HTTP/1.1 200 OK"]
[2025-03-23 22:17:29,821: INFO :helpers : Accessing as Immortal-Pi]
[2025-03-23 22:17:30,114: INFO :_client : HTTP Request: GET https://dagshub.com/api/v1/repos/Immortal-Pi/SurgeSense "HTTP/1.1 200 OK"]
[2025-03-23 22:17:30,308: INFO :_client : HTTP Request: GET https://dagshub.com/api/v1/user "HTTP/1.1 200 OK"]
[2025-03-23 22:17:30,312: INFO :helpers : Initialized MLflow to track repo "Immortal-Pi/SurgeSense"]
[2025-03-23 22:17:30,316: INFO :helpers : Repository Immortal-Pi/SurgeSense initialized!]
[2025-03-23 22:17:31,609: INFO :tpe : build_posterior_wrapper took 0.000672 seconds]
[2025-03-23 22:17:31,611: INFO :tpe : TPE using 0 trials]
[2025-03-23 22:17:32,365: ERROR :fmin : job exception: The 'min_samples_split' parameter of RandomForestRegressor must be an int in the range [2, inf) or a float in the range (0.0, 1.0]. Got 2.0563486485584095 instead.]
[2025-03-23 22:17:55,504: INFO :common : yaml file: config\config.yaml loaded successfully]
[2025-03-23 22:17:55,508: INFO :common : yaml file: params.yaml loaded successfully]
[2025-03-23 22:17:55,513: INFO :common : yaml file: schema.yaml loaded successfully]
[2025-03-23 22:17:58,117: INFO :_client : HTTP Request: GET https://dagshub.com/api/v1/repos/Immortal-Pi/SurgeSense "HTTP/1.1 200 OK"]
[2025-03-23 22:17:58,122: INFO :helpers : Initialized MLflow to track repo "Immortal-Pi/SurgeSense"]
[2025-03-23 22:17:58,125: INFO :helpers : Repository Immortal-Pi/SurgeSense initialized!]
[2025-03-23 22:17:58,492: INFO :tpe : build_posterior_wrapper took 0.001077 seconds]
[2025-03-23 22:17:58,493: INFO :tpe : TPE using 0 trials]
[2025-03-23 22:18:08,880: INFO :tpe : build_posterior_wrapper took 0.001998 seconds]
[2025-03-23 22:18:08,882: INFO :tpe : TPE using 1/1 trials with best loss 2.464563]
[2025-03-23 22:18:15,829: INFO :tpe : build_posterior_wrapper took 0.000999 seconds]
[2025-03-23 22:18:15,830: INFO :tpe : TPE using 2/2 trials with best loss 2.464563]
[2025-03-23 22:18:30,038: INFO :tpe : build_posterior_wrapper took 0.001003 seconds]
[2025-03-23 22:18:30,039: INFO :tpe : TPE using 3/3 trials with best loss 2.127206]
[2025-03-23 22:18:38,046: INFO :tpe : build_posterior_wrapper took 0.001007 seconds]
[2025-03-23 22:18:38,047: INFO :tpe : TPE using 4/4 trials with best loss 2.127206]
[2025-03-23 22:18:41,663: INFO :tpe : build_posterior_wrapper took 0.000999 seconds]
[2025-03-23 22:18:41,664: INFO :tpe : TPE using 5/5 trials with best loss 2.127206]
[2025-03-23 22:18:50,875: INFO :tpe : build_posterior_wrapper took 0.001227 seconds]
[2025-03-23 22:18:50,876: INFO :tpe : TPE using 6/6 trials with best loss 2.127206]
[2025-03-23 22:18:57,587: INFO :tpe : build_posterior_wrapper took 0.000906 seconds]
[2025-03-23 22:18:57,587: INFO :tpe : TPE using 7/7 trials with best loss 2.127206]
[2025-03-23 22:19:04,764: INFO :tpe : build_posterior_wrapper took 0.000000 seconds]
[2025-03-23 22:19:04,765: INFO :tpe : TPE using 8/8 trials with best loss 2.127206]
[2025-03-23 22:19:09,388: INFO :tpe : build_posterior_wrapper took 0.000000 seconds]
[2025-03-23 22:19:09,390: INFO :tpe : TPE using 9/9 trials with best loss 2.127206]
